
=== Thu Apr 14 11:58:04 2022

Packages were changed.
Update Mode: updateDependencies

The following packages were added:
  com.unity.ide.visualstudio@2.0.14
The following packages were updated:
  com.unity.collab-proxy from version 1.2.16 to 1.14.15
  com.unity.ide.rider from version 1.1.4 to 1.2.1
  com.unity.ide.vscode from version 1.2.0 to 1.2.5
  com.unity.test-framework from version 1.1.13 to 1.1.31
  com.unity.textmeshpro from version 2.0.1 to 2.1.4
  com.unity.timeline from version 1.2.13 to 1.2.18

=== Thu Apr 14 13:23:31 2022

Packages were changed.
Update Mode: updateDependencies

The following packages were updated:
  com.unity.collab-proxy from version 1.14.15 to 1.15.15
  com.unity.ide.rider from version 1.2.1 to 3.0.13
  com.unity.postprocessing from version 2.3.0 to 3.2.1
  com.unity.probuilder from version 4.2.3 to 5.0.3
  com.unity.shadergraph from version 7.3.1 to 12.1.6
  com.unity.textmeshpro from version 2.1.4 to 3.0.6
  com.unity.timeline from version 1.2.18 to 1.6.4
